<?xml version="1.0" encoding="UTF-8"?>
<testng-results skipped="0" failed="0" total="1" passed="1">
  <reporter-output>
  </reporter-output>
  <suite name="Default suite" duration-ms="8642" started-at="2014-11-28T09:55:17Z" finished-at="2014-11-28T09:55:26Z">
    <groups>
    </groups>
    <test name="Default test" duration-ms="8642" started-at="2014-11-28T09:55:17Z" finished-at="2014-11-28T09:55:26Z">
      <class name="webdriver.addon">
        <test-method status="PASS" signature="beforeTest()[pri:0, instance:webdriver.addon@1e4a7dd4]" name="beforeTest" is-config="true" duration-ms="8624" started-at="2014-11-28T15:25:17Z" finished-at="2014-11-28T15:25:26Z">
          <reporter-output>
          </reporter-output>
        </test-method> <!-- beforeTest -->
        <test-method status="PASS" signature="f()[pri:0, instance:webdriver.addon@1e4a7dd4]" name="f" duration-ms="5" started-at="2014-11-28T15:25:26Z" finished-at="2014-11-28T15:25:26Z">
          <reporter-output>
          </reporter-output>
        </test-method> <!-- f -->
      </class> <!-- webdriver.addon -->
    </test> <!-- Default test -->
  </suite> <!-- Default suite -->
</testng-results>
