<?xml version="1.0" encoding="UTF-8"?>
<testng-results skipped="0" failed="0" total="1" passed="1">
  <reporter-output>
  </reporter-output>
  <suite name="Default suite" duration-ms="7584" started-at="2014-10-28T12:25:39Z" finished-at="2014-10-28T12:25:46Z">
    <groups>
    </groups>
    <test name="Default test" duration-ms="7584" started-at="2014-10-28T12:25:39Z" finished-at="2014-10-28T12:25:46Z">
      <class name="allprograms.dropdown">
        <test-method status="PASS" signature="beforeTest()[pri:0, instance:allprograms.dropdown@1e4a7dd4]" name="beforeTest" is-config="true" duration-ms="7223" started-at="2014-10-28T17:55:39Z" finished-at="2014-10-28T17:55:46Z">
          <reporter-output>
          </reporter-output>
        </test-method> <!-- beforeTest -->
        <test-method status="PASS" signature="f()[pri:0, instance:allprograms.dropdown@1e4a7dd4]" name="f" duration-ms="343" started-at="2014-10-28T17:55:46Z" finished-at="2014-10-28T17:55:46Z">
          <reporter-output>
          </reporter-output>
        </test-method> <!-- f -->
      </class> <!-- allprograms.dropdown -->
    </test> <!-- Default test -->
  </suite> <!-- Default suite -->
</testng-results>
