<?xml version="1.0" encoding="UTF-8"?>
<!-- Generated by org.testng.reporters.JUnitXMLReporter -->
<testsuite hostname="trishna" name="Creation of Member of Committee" tests="4" failures="0" timestamp="19 Sep 2014 05:08:16 GMT" time="87.214" errors="0">
  <testcase name="Details_create" time="20.536" classname="iAgriMarC.login"/>
  <testcase name="Details_create" time="19.489" classname="iAgriMarC.login"/>
  <testcase name="Details_create" time="19.387" classname="iAgriMarC.login"/>
  <testcase name="Details_create" time="19.425" classname="iAgriMarC.login"/>
</testsuite> <!-- Creation of Member of Committee -->
